[debug] [2017-07-25T01:13:40.004Z] ----------------------------------------------------------------------
[debug] [2017-07-25T01:13:40.007Z] Command:      /usr/local/bin/node /usr/local/bin/firebase serve
[debug] [2017-07-25T01:13:40.008Z] CLI Version:  3.9.1
[debug] [2017-07-25T01:13:40.008Z] Platform:     darwin
[debug] [2017-07-25T01:13:40.008Z] Node Version: v6.11.0
[debug] [2017-07-25T01:13:40.009Z] Time:         Tue Jul 25 2017 10:13:40 GMT+0900 (KST)
[debug] [2017-07-25T01:13:40.009Z] ----------------------------------------------------------------------
[debug] 
[debug] [2017-07-25T01:13:40.031Z] > command requires scopes: ["email","openid","https://www.googleapis.com/auth/cloudplatformprojects.readonly","https://www.googleapis.com/auth/firebase","https://www.googleapis.com/auth/cloud-platform"]
[debug] [2017-07-25T01:13:40.031Z] > authorizing via signed-in user
[debug] [2017-07-25T01:13:40.034Z] > refreshing access token with scopes: ["email","https://www.googleapis.com/auth/cloud-platform","https://www.googleapis.com/auth/cloudplatformprojects.readonly","https://www.googleapis.com/auth/firebase","openid"]
[debug] [2017-07-25T01:13:40.034Z] >>> HTTP REQUEST POST https://www.googleapis.com/oauth2/v3/token { refresh_token: '1/1w_75YtjkQDOI3ewfxCu_goWoM2SHrJZr0jprSHE0f4',
  client_id: '563584335869-fgrhgmd47bqnekij5i8b5pr03ho849e6.apps.googleusercontent.com',
  client_secret: 'j9iVZfS8kkCEFUPaAeJV0sAi',
  grant_type: 'refresh_token',
  scope: 'email https://www.googleapis.com/auth/cloud-platform https://www.googleapis.com/auth/cloudplatformprojects.readonly https://www.googleapis.com/auth/firebase openid' } 
 Tue Jul 25 2017 10:13:40 GMT+0900 (KST)
[debug] [2017-07-25T01:13:40.369Z] <<< HTTP RESPONSE 200
[debug] [2017-07-25T01:13:40.377Z] >>> HTTP REQUEST GET https://admin.firebase.com/v1/projects/userproperty-850cf  
 Tue Jul 25 2017 10:13:40 GMT+0900 (KST)
[debug] [2017-07-25T01:13:41.746Z] <<< HTTP RESPONSE 200
[debug] [2017-07-25T01:13:41.747Z] >>> HTTP REQUEST GET https://admin.firebase.com/v1/database/userproperty-850cf/tokens  
 Tue Jul 25 2017 10:13:41 GMT+0900 (KST)
[debug] [2017-07-25T01:13:42.818Z] <<< HTTP RESPONSE 200
[info] 
[info] === Serving from '/Users/yoonhyelee'...
[info] 
[debug] [2017-07-25T01:13:42.828Z] >>> HTTP REQUEST GET https://cloudresourcemanager.googleapis.com/v1/projects/userproperty-850cf  
 Tue Jul 25 2017 10:13:42 GMT+0900 (KST)
[debug] [2017-07-25T01:13:44.241Z] <<< HTTP RESPONSE 200
[debug] [2017-07-25T01:13:44.241Z] >>> HTTP REQUEST GET https://mobilesdk-pa.googleapis.com/v1/projects/132744568545/clients/_:getWebAppConfig  
 Tue Jul 25 2017 10:13:44 GMT+0900 (KST)
[debug] [2017-07-25T01:13:45.469Z] <<< HTTP RESPONSE 200
[info] i  hosting: Serving hosting files from: userProperty
[info] ✔  hosting: Local server: http://localhost:5000

